<?xml version="1.0" encoding="UTF-8"?>
<testng-results skipped="0" failed="1" ignored="0" total="10" passed="9">
  <reporter-output>
  </reporter-output>
  <suite name="First Suite" duration-ms="54379" started-at="2019-06-02T20:17:17Z" finished-at="2019-06-02T20:18:11Z">
    <groups>
    </groups>
    <test name="Chrome Test" duration-ms="54379" started-at="2019-06-02T20:17:17Z" finished-at="2019-06-02T20:18:11Z">
      <class name="FrameWork.TestNG.Practice2">
        <test-method status="PASS" signature="setEnviroment()[pri:0, instance:FrameWork.TestNG.Practice2@239963d8]" name="setEnviroment" is-config="true" duration-ms="7882" started-at="2019-06-02T20:17:24Z" finished-at="2019-06-02T20:17:32Z">
          <reporter-output>
          </reporter-output>
        </test-method> <!-- setEnviroment -->
        <test-method status="PASS" signature="hpLaptop()[pri:1, instance:FrameWork.TestNG.Practice2@239963d8]" name="hpLaptop" duration-ms="7956" started-at="2019-06-02T20:17:32Z" finished-at="2019-06-02T20:17:40Z">
          <reporter-output>
          </reporter-output>
        </test-method> <!-- hpLaptop -->
        <test-method status="PASS" signature="macBook()[pri:2, instance:FrameWork.TestNG.Practice2@239963d8]" name="macBook" duration-ms="4757" started-at="2019-06-02T20:17:40Z" finished-at="2019-06-02T20:17:45Z">
          <reporter-output>
          </reporter-output>
        </test-method> <!-- macBook -->
        <test-method status="PASS" signature="closeTheEnviroment()[pri:0, instance:FrameWork.TestNG.Practice2@239963d8]" name="closeTheEnviroment" is-config="true" duration-ms="806" started-at="2019-06-02T20:17:45Z" finished-at="2019-06-02T20:17:46Z">
          <reporter-output>
          </reporter-output>
        </test-method> <!-- closeTheEnviroment -->
      </class> <!-- FrameWork.TestNG.Practice2 -->
      <class name="FrameWork.TestNG.TestNGBasics">
        <test-method status="PASS" signature="testsuite()[pri:0, instance:FrameWork.TestNG.TestNGBasics@464bee09]" name="testsuite" is-config="true" duration-ms="20" started-at="2019-06-02T20:17:17Z" finished-at="2019-06-02T20:17:17Z">
          <reporter-output>
          </reporter-output>
        </test-method> <!-- testsuite -->
        <test-method status="PASS" signature="befforeTest()[pri:0, instance:FrameWork.TestNG.TestNGBasics@464bee09]" name="befforeTest" is-config="true" duration-ms="1" started-at="2019-06-02T20:17:17Z" finished-at="2019-06-02T20:17:17Z">
          <reporter-output>
          </reporter-output>
        </test-method> <!-- befforeTest -->
        <test-method status="PASS" signature="beforeClass()[pri:0, instance:FrameWork.TestNG.TestNGBasics@464bee09]" name="beforeClass" is-config="true" duration-ms="0" started-at="2019-06-02T20:17:17Z" finished-at="2019-06-02T20:17:17Z">
          <reporter-output>
          </reporter-output>
        </test-method> <!-- beforeClass -->
        <test-method status="PASS" signature="befroreMethod()[pri:0, instance:FrameWork.TestNG.TestNGBasics@464bee09]" name="befroreMethod" is-config="true" duration-ms="1" started-at="2019-06-02T20:17:17Z" finished-at="2019-06-02T20:17:17Z">
          <reporter-output>
          </reporter-output>
        </test-method> <!-- befroreMethod -->
        <test-method status="PASS" signature="testCase()[pri:0, instance:FrameWork.TestNG.TestNGBasics@464bee09]" name="testCase" duration-ms="11" started-at="2019-06-02T20:17:17Z" finished-at="2019-06-02T20:17:17Z">
          <reporter-output>
          </reporter-output>
        </test-method> <!-- testCase -->
        <test-method status="PASS" signature="afterMethod()[pri:0, instance:FrameWork.TestNG.TestNGBasics@464bee09]" name="afterMethod" is-config="true" duration-ms="2" started-at="2019-06-02T20:17:17Z" finished-at="2019-06-02T20:17:17Z">
          <reporter-output>
          </reporter-output>
        </test-method> <!-- afterMethod -->
      </class> <!-- FrameWork.TestNG.TestNGBasics -->
      <class name="FrameWork.TestNG.Practice1">
        <test-method status="PASS" signature="setEnviroment()[pri:0, instance:FrameWork.TestNG.Practice1@13deb50e]" name="setEnviroment" is-config="true" duration-ms="8037" started-at="2019-06-02T20:17:24Z" finished-at="2019-06-02T20:17:32Z">
          <reporter-output>
          </reporter-output>
        </test-method> <!-- setEnviroment -->
        <test-method status="PASS" signature="testTheShoppingCartContinueBtn()[pri:1, instance:FrameWork.TestNG.Practice1@13deb50e]" name="testTheShoppingCartContinueBtn" duration-ms="3315" started-at="2019-06-02T20:17:32Z" finished-at="2019-06-02T20:17:36Z">
          <reporter-output>
          </reporter-output>
        </test-method> <!-- testTheShoppingCartContinueBtn -->
        <test-method status="PASS" signature="closeTheEnviroment()[pri:0, instance:FrameWork.TestNG.Practice1@13deb50e]" name="closeTheEnviroment" is-config="true" duration-ms="2914" started-at="2019-06-02T20:17:36Z" finished-at="2019-06-02T20:17:38Z">
          <reporter-output>
          </reporter-output>
        </test-method> <!-- closeTheEnviroment -->
        <test-method status="PASS" signature="setEnviroment()[pri:0, instance:FrameWork.TestNG.Practice1@13deb50e]" name="setEnviroment" is-config="true" duration-ms="5278" started-at="2019-06-02T20:17:40Z" finished-at="2019-06-02T20:17:45Z">
          <reporter-output>
          </reporter-output>
        </test-method> <!-- setEnviroment -->
        <test-method status="PASS" signature="loginWithCorrectUserAndPass()[pri:2, instance:FrameWork.TestNG.Practice1@13deb50e]" name="loginWithCorrectUserAndPass" duration-ms="2074" started-at="2019-06-02T20:17:45Z" finished-at="2019-06-02T20:17:47Z">
          <reporter-output>
          </reporter-output>
        </test-method> <!-- loginWithCorrectUserAndPass -->
        <test-method status="PASS" signature="closeTheEnviroment()[pri:0, instance:FrameWork.TestNG.Practice1@13deb50e]" name="closeTheEnviroment" is-config="true" duration-ms="675" started-at="2019-06-02T20:17:47Z" finished-at="2019-06-02T20:17:48Z">
          <reporter-output>
          </reporter-output>
        </test-method> <!-- closeTheEnviroment -->
        <test-method status="PASS" signature="setEnviroment()[pri:0, instance:FrameWork.TestNG.Practice1@13deb50e]" name="setEnviroment" is-config="true" duration-ms="3660" started-at="2019-06-02T20:17:48Z" finished-at="2019-06-02T20:17:52Z">
          <reporter-output>
          </reporter-output>
        </test-method> <!-- setEnviroment -->
        <test-method status="PASS" signature="loginWithIncorrectUserAndCorrectPass()[pri:3, instance:FrameWork.TestNG.Practice1@13deb50e]" name="loginWithIncorrectUserAndCorrectPass" duration-ms="1938" started-at="2019-06-02T20:17:52Z" finished-at="2019-06-02T20:17:54Z">
          <reporter-output>
          </reporter-output>
        </test-method> <!-- loginWithIncorrectUserAndCorrectPass -->
        <test-method status="PASS" signature="closeTheEnviroment()[pri:0, instance:FrameWork.TestNG.Practice1@13deb50e]" name="closeTheEnviroment" is-config="true" duration-ms="689" started-at="2019-06-02T20:17:54Z" finished-at="2019-06-02T20:17:54Z">
          <reporter-output>
          </reporter-output>
        </test-method> <!-- closeTheEnviroment -->
        <test-method status="PASS" signature="setEnviroment()[pri:0, instance:FrameWork.TestNG.Practice1@13deb50e]" name="setEnviroment" is-config="true" duration-ms="3842" started-at="2019-06-02T20:17:54Z" finished-at="2019-06-02T20:17:58Z">
          <reporter-output>
          </reporter-output>
        </test-method> <!-- setEnviroment -->
        <test-method status="PASS" signature="loginWithCorrectUserAndIncorrectPass()[pri:4, instance:FrameWork.TestNG.Practice1@13deb50e]" name="loginWithCorrectUserAndIncorrectPass" duration-ms="2346" started-at="2019-06-02T20:17:58Z" finished-at="2019-06-02T20:18:01Z">
          <reporter-output>
          </reporter-output>
        </test-method> <!-- loginWithCorrectUserAndIncorrectPass -->
        <test-method status="PASS" signature="closeTheEnviroment()[pri:0, instance:FrameWork.TestNG.Practice1@13deb50e]" name="closeTheEnviroment" is-config="true" duration-ms="856" started-at="2019-06-02T20:18:01Z" finished-at="2019-06-02T20:18:01Z">
          <reporter-output>
          </reporter-output>
        </test-method> <!-- closeTheEnviroment -->
        <test-method status="PASS" signature="setEnviroment()[pri:0, instance:FrameWork.TestNG.Practice1@13deb50e]" name="setEnviroment" is-config="true" duration-ms="4222" started-at="2019-06-02T20:18:01Z" finished-at="2019-06-02T20:18:06Z">
          <reporter-output>
          </reporter-output>
        </test-method> <!-- setEnviroment -->
        <test-method status="PASS" signature="loginWithIncorectUserAndPass()[pri:4, instance:FrameWork.TestNG.Practice1@13deb50e]" name="loginWithIncorectUserAndPass" duration-ms="2556" started-at="2019-06-02T20:18:06Z" finished-at="2019-06-02T20:18:08Z">
          <reporter-output>
          </reporter-output>
        </test-method> <!-- loginWithIncorectUserAndPass -->
        <test-method status="PASS" signature="closeTheEnviroment()[pri:0, instance:FrameWork.TestNG.Practice1@13deb50e]" name="closeTheEnviroment" is-config="true" duration-ms="2909" started-at="2019-06-02T20:18:08Z" finished-at="2019-06-02T20:18:11Z">
          <reporter-output>
          </reporter-output>
        </test-method> <!-- closeTheEnviroment -->
      </class> <!-- FrameWork.TestNG.Practice1 -->
      <class name="FrameWork.TestNG.LoginTest">
        <test-method status="PASS" signature="setEnviroment()[pri:0, instance:FrameWork.TestNG.LoginTest@f6c48ac]" name="setEnviroment" is-config="true" duration-ms="5027" started-at="2019-06-02T20:17:17Z" finished-at="2019-06-02T20:17:22Z">
          <reporter-output>
          </reporter-output>
        </test-method> <!-- setEnviroment -->
        <test-method status="PASS" signature="testTheLoginBtn()[pri:0, instance:FrameWork.TestNG.LoginTest@f6c48ac]" name="testTheLoginBtn" duration-ms="1701" started-at="2019-06-02T20:17:22Z" finished-at="2019-06-02T20:17:23Z">
          <reporter-output>
          </reporter-output>
        </test-method> <!-- testTheLoginBtn -->
        <test-method status="PASS" signature="closeTheEnviroment()[pri:0, instance:FrameWork.TestNG.LoginTest@f6c48ac]" name="closeTheEnviroment" is-config="true" duration-ms="715" started-at="2019-06-02T20:17:23Z" finished-at="2019-06-02T20:17:24Z">
          <reporter-output>
          </reporter-output>
        </test-method> <!-- closeTheEnviroment -->
        <test-method status="PASS" signature="setEnviroment()[pri:0, instance:FrameWork.TestNG.LoginTest@f6c48ac]" name="setEnviroment" is-config="true" duration-ms="6700" started-at="2019-06-02T20:17:24Z" finished-at="2019-06-02T20:17:31Z">
          <reporter-output>
          </reporter-output>
        </test-method> <!-- setEnviroment -->
        <test-method status="FAIL" signature="testLogIn()[pri:1, instance:FrameWork.TestNG.LoginTest@f6c48ac]" name="testLogIn" duration-ms="4492" started-at="2019-06-02T20:17:31Z" finished-at="2019-06-02T20:17:35Z">
          <exception class="java.lang.AssertionError">
            <message>
              <![CDATA[The app did not log in expected [My Account] but found [Account Login]]]>
            </message>
            <full-stacktrace>
              <![CDATA[java.lang.AssertionError: The app did not log in expected [My Account] but found [Account Login]
at org.testng.Assert.fail(Assert.java:96)
at org.testng.Assert.failNotEquals(Assert.java:776)
at org.testng.Assert.assertEqualsImpl(Assert.java:137)
at org.testng.Assert.assertEquals(Assert.java:118)
at org.testng.Assert.assertEquals(Assert.java:453)
at FrameWork.TestNG.LoginTest.testLogIn(LoginTest.java:51)
at sun.reflect.NativeMethodAccessorImpl.invoke0(Native Method)
at sun.reflect.NativeMethodAccessorImpl.invoke(Unknown Source)
at sun.reflect.DelegatingMethodAccessorImpl.invoke(Unknown Source)
at java.lang.reflect.Method.invoke(Unknown Source)
at org.testng.internal.MethodInvocationHelper.invokeMethod(MethodInvocationHelper.java:124)
at org.testng.internal.Invoker.invokeMethod(Invoker.java:583)
at org.testng.internal.Invoker.invokeTestMethod(Invoker.java:719)
at org.testng.internal.Invoker.invokeTestMethods(Invoker.java:989)
at org.testng.internal.TestMethodWorker.invokeTestMethods(TestMethodWorker.java:125)
at org.testng.internal.TestMethodWorker.run(TestMethodWorker.java:109)
at java.util.concurrent.ThreadPoolExecutor.runWorker(Unknown Source)
at java.util.concurrent.ThreadPoolExecutor$Worker.run(Unknown Source)
at java.lang.Thread.run(Unknown Source)
]]>
            </full-stacktrace>
          </exception> <!-- java.lang.AssertionError -->
          <reporter-output>
          </reporter-output>
        </test-method> <!-- testLogIn -->
        <test-method status="PASS" signature="closeTheEnviroment()[pri:0, instance:FrameWork.TestNG.LoginTest@f6c48ac]" name="closeTheEnviroment" is-config="true" duration-ms="1451" started-at="2019-06-02T20:17:35Z" finished-at="2019-06-02T20:17:37Z">
          <reporter-output>
          </reporter-output>
        </test-method> <!-- closeTheEnviroment -->
      </class> <!-- FrameWork.TestNG.LoginTest -->
    </test> <!-- Chrome Test -->
  </suite> <!-- First Suite -->
</testng-results>
